<?xml version="1.0" encoding="UTF-8"?>
<!-- Generated by org.testng.reporters.JUnitReportReporter -->
<testsuite hostname="DESKTOP-JU2TRLJ" failures="0" tests="1" name="SeleniumPackages.Take_Screenshot_InSelenium_17_April" time="24.536" errors="0" timestamp="2024-04-20T15:36:51 IST" skipped="0">
  <testcase classname="SeleniumPackages.Take_Screenshot_InSelenium_17_April" name="ScreenShot" time="24.536"/>
  <system-out/>
</testsuite> <!-- SeleniumPackages.Take_Screenshot_InSelenium_17_April -->
