<?xml version="1.0" encoding="UTF-8"?>
<!-- Generated by org.testng.reporters.JUnitReportReporter -->
<testsuite hostname="DESKTOP-JU2TRLJ" failures="0" tests="3" name="SeleniumPackages.Data_Driven_Testing_18_April" time="26.594" errors="0" timestamp="2024-04-22T01:24:42 IST" skipped="0">
  <testcase classname="SeleniumPackages.Data_Driven_Testing_18_April" name="verifyValidLogin" time="8.534"/>
  <system-out/>
  <testcase classname="SeleniumPackages.Data_Driven_Testing_18_April" name="verifyValidLogin" time="9.411"/>
  <system-out/>
  <testcase classname="SeleniumPackages.Data_Driven_Testing_18_April" name="verifyValidLogin" time="8.649"/>
  <system-out/>
</testsuite> <!-- SeleniumPackages.Data_Driven_Testing_18_April -->
