<?xml version="1.0" encoding="UTF-8"?>
<!-- Generated by org.testng.reporters.JUnitReportReporter -->
<testsuite hostname="DESKTOP-JU2TRLJ" failures="0" tests="3" name="SeleniumPackages.PrintTableData_12_15_April" time="23.257" errors="0" timestamp="2024-04-16T23:37:24 IST" skipped="0">
  <testcase classname="SeleniumPackages.PrintTableData_12_15_April" name="verifyTitle" time="7.047"/>
  <system-out/>
  <testcase classname="SeleniumPackages.PrintTableData_12_15_April" name="verifyTableData" time="8.910"/>
  <system-out/>
  <testcase classname="SeleniumPackages.PrintTableData_12_15_April" name="verifyUrl" time="7.300"/>
  <system-out/>
</testsuite> <!-- SeleniumPackages.PrintTableData_12_15_April -->
