<?xml version="1.0" encoding="UTF-8"?>
<!-- Generated by org.testng.reporters.JUnitReportReporter -->
<testsuite hostname="DESKTOP-JU2TRLJ" failures="0" tests="3" name="SeleniumPackages.PrintTableData_12_April" time="20.295" errors="0" timestamp="2024-04-16T01:48:32 IST" skipped="0">
  <testcase classname="SeleniumPackages.PrintTableData_12_April" name="d" time="7.111"/>
  <system-out/>
  <testcase classname="SeleniumPackages.PrintTableData_12_April" name="z" time="6.198"/>
  <system-out/>
  <testcase classname="SeleniumPackages.PrintTableData_12_April" name="c" time="6.986"/>
  <system-out/>
</testsuite> <!-- SeleniumPackages.PrintTableData_12_April -->
