<?xml version="1.0" encoding="UTF-8"?>
<!-- Generated by org.testng.reporters.JUnitReportReporter -->
<testsuite hostname="DESKTOP-JU2TRLJ" failures="0" tests="2" name="SeleniumPackages.TestNG_Annotations_16_April" time="0.030" errors="0" timestamp="2024-04-16T01:56:44 IST" skipped="0">
  <testcase classname="SeleniumPackages.TestNG_Annotations_16_April" name="testCase2" time="0.012"/>
  <system-out/>
  <testcase classname="SeleniumPackages.TestNG_Annotations_16_April" name="testCase1" time="0.018"/>
  <system-out/>
</testsuite> <!-- SeleniumPackages.TestNG_Annotations_16_April -->
