<?xml version="1.0" encoding="UTF-8"?>
<!-- Generated by org.testng.reporters.JUnitReportReporter -->
<testsuite hostname="DESKTOP-JU2TRLJ" failures="0" tests="3" name="SeleniumPackages.PrintTableData_12_16_April" time="19.307" errors="0" timestamp="2024-04-16T01:58:10 IST" skipped="0">
  <testcase classname="SeleniumPackages.PrintTableData_12_16_April" name="d" time="6.782"/>
  <system-out/>
  <testcase classname="SeleniumPackages.PrintTableData_12_16_April" name="z" time="5.624"/>
  <system-out/>
  <testcase classname="SeleniumPackages.PrintTableData_12_16_April" name="c" time="6.901"/>
  <system-out/>
</testsuite> <!-- SeleniumPackages.PrintTableData_12_16_April -->
